38	0.000000	Funghi_e_Salsicce/5947.jpg
500	8.000000	Vegetariana/16689.jpg
188	3.000000	Napoletana/13060.jpg
452	7.000000	Rucola/2147.jpg
549	9.000000	Veronese/12801.jpg
523	8.000000	Vegetariana/6774.jpg
173	2.000000	Marinara/7931.jpg
555	9.000000	Veronese/12852.jpg
109	1.000000	Margherita/8533.jpg
28	0.000000	Funghi_e_Salsicce/4315.jpg
391	6.000000	Romana/15875.jpg
159	2.000000	Marinara/7686.jpg
274	4.000000	Peperoni/2584.jpg
29	0.000000	Funghi_e_Salsicce/5260.jpg
217	3.000000	Napoletana/6508.jpg
65	1.000000	Margherita/13022.jpg
273	4.000000	Peperoni/2574.jpg
140	2.000000	Marinara/2270.jpg
265	4.000000	Peperoni/18141.jpg
387	6.000000	Romana/14926.jpg
303	5.000000	Quattro_Formagi/109.jpg
460	7.000000	Rucola/497.jpg
84	1.000000	Margherita/17665.jpg
162	2.000000	Marinara/7765.jpg
325	5.000000	Quattro_Formagi/14476.jpg
319	5.000000	Quattro_Formagi/14209.jpg
477	7.000000	Rucola/9688.jpg
9	0.000000	Funghi_e_Salsicce/15405.jpg
397	6.000000	Romana/17708.jpg
203	3.000000	Napoletana/17915.jpg
287	4.000000	Peperoni/6257.jpg
516	8.000000	Vegetariana/6536.jpg
481	8.000000	Vegetariana/10897.jpg
471	7.000000	Rucola/9150.jpg
448	7.000000	Rucola/1877.jpg
177	2.000000	Marinara/8625.jpg
141	2.000000	Marinara/2603.jpg
278	4.000000	Peperoni/309.jpg
302	5.000000	Quattro_Formagi/10891.jpg
400	6.000000	Romana/1785.jpg
583	9.000000	Veronese/15883.jpg
598	9.000000	Veronese/7244.jpg
143	2.000000	Marinara/408.jpg
534	8.000000	Vegetariana/892.jpg
33	0.000000	Funghi_e_Salsicce/5820.jpg
589	9.000000	Veronese/1974.jpg
323	5.000000	Quattro_Formagi/14318.jpg
196	3.000000	Napoletana/16452.jpg
584	9.000000	Veronese/1692.jpg
554	9.000000	Veronese/12842.jpg
514	8.000000	Vegetariana/4901.jpg
582	9.000000	Veronese/1568.jpg
292	4.000000	Peperoni/7484.jpg
139	2.000000	Marinara/18399.jpg
291	4.000000	Peperoni/7473.jpg
176	2.000000	Marinara/8605.jpg
27	0.000000	Funghi_e_Salsicce/3839.jpg
212	3.000000	Napoletana/4614.jpg
369	6.000000	Romana/11269.jpg
92	1.000000	Margherita/3395.jpg
410	6.000000	Romana/4507.jpg
185	3.000000	Napoletana/11359.jpg
2	0.000000	Funghi_e_Salsicce/12082.jpg
321	5.000000	Quattro_Formagi/14237.jpg
134	2.000000	Marinara/17714.jpg
556	9.000000	Veronese/12904.jpg
270	4.000000	Peperoni/1850.jpg
145	2.000000	Marinara/431.jpg
521	8.000000	Vegetariana/6721.jpg
436	7.000000	Rucola/12855.jpg
379	6.000000	Romana/13734.jpg
251	4.000000	Peperoni/14456.jpg
537	8.000000	Vegetariana/9009.jpg
389	6.000000	Romana/15840.jpg
404	6.000000	Romana/18545.jpg
222	3.000000	Napoletana/8473.jpg
113	1.000000	Margherita/9262.jpg
425	7.000000	Rucola/11522.jpg
368	6.000000	Romana/11084.jpg
14	0.000000	Funghi_e_Salsicce/16165.jpg
381	6.000000	Romana/13968.jpg
433	7.000000	Rucola/12709.jpg
238	3.000000	Napoletana/9950.jpg
250	4.000000	Peperoni/14287.jpg
96	1.000000	Margherita/4931.jpg
570	9.000000	Veronese/14775.jpg
312	5.000000	Quattro_Formagi/14106.jpg
342	5.000000	Quattro_Formagi/2507.jpg
60	1.000000	Margherita/10612.jpg
16	0.000000	Funghi_e_Salsicce/177.jpg
429	7.000000	Rucola/1211.jpg
571	9.000000	Veronese/1479.jpg
401	6.000000	Romana/18070.jpg
559	9.000000	Veronese/12979.jpg
464	7.000000	Rucola/6616.jpg
142	2.000000	Marinara/3055.jpg
181	3.000000	Napoletana/10067.jpg
76	1.000000	Margherita/14996.jpg
200	3.000000	Napoletana/17764.jpg
105	1.000000	Margherita/8377.jpg
146	2.000000	Marinara/437.jpg
174	2.000000	Marinara/8348.jpg
36	0.000000	Funghi_e_Salsicce/5923.jpg
0	0.000000	Funghi_e_Salsicce/10687.jpg
192	3.000000	Napoletana/13821.jpg
524	8.000000	Vegetariana/6813.jpg
380	6.000000	Romana/13905.jpg
110	1.000000	Margherita/8557.jpg
507	8.000000	Vegetariana/17635.jpg
272	4.000000	Peperoni/2293.jpg
530	8.000000	Vegetariana/8697.jpg
189	3.000000	Napoletana/13063.jpg
255	4.000000	Peperoni/15766.jpg
107	1.000000	Margherita/8531.jpg
308	5.000000	Quattro_Formagi/13842.jpg
72	1.000000	Margherita/13255.jpg
599	9.000000	Veronese/798.jpg
353	5.000000	Quattro_Formagi/8471.jpg
247	4.000000	Peperoni/12429.jpg
257	4.000000	Peperoni/15900.jpg
50	0.000000	Funghi_e_Salsicce/8062.jpg
210	3.000000	Napoletana/4164.jpg
538	8.000000	Vegetariana/9540.jpg
526	8.000000	Vegetariana/7041.jpg
172	2.000000	Marinara/7928.jpg
374	6.000000	Romana/12748.jpg
504	8.000000	Vegetariana/17333.jpg
580	9.000000	Veronese/15519.jpg
309	5.000000	Quattro_Formagi/13892.jpg
286	4.000000	Peperoni/5767.jpg
125	2.000000	Marinara/13423.jpg
225	3.000000	Napoletana/8575.jpg
22	0.000000	Funghi_e_Salsicce/3669.jpg
422	7.000000	Rucola/10824.jpg
562	9.000000	Veronese/1436.jpg
579	9.000000	Veronese/15497.jpg
332	5.000000	Quattro_Formagi/15349.jpg
573	9.000000	Veronese/1484.jpg
190	3.000000	Napoletana/13106.jpg
122	2.000000	Marinara/10750.jpg
256	4.000000	Peperoni/15832.jpg
70	1.000000	Margherita/13210.jpg
590	9.000000	Veronese/3046.jpg
586	9.000000	Veronese/1823.jpg
170	2.000000	Marinara/7880.jpg
233	3.000000	Napoletana/9838.jpg
512	8.000000	Vegetariana/4136.jpg
441	7.000000	Rucola/13936.jpg
249	4.000000	Peperoni/13889.jpg
454	7.000000	Rucola/2729.jpg
327	5.000000	Quattro_Formagi/14585.jpg
350	5.000000	Quattro_Formagi/8338.jpg
95	1.000000	Margherita/4906.jpg
395	6.000000	Romana/17292.jpg
191	3.000000	Napoletana/13247.jpg
130	2.000000	Marinara/15223.jpg
473	7.000000	Rucola/9174.jpg
427	7.000000	Rucola/11783.jpg
88	1.000000	Margherita/17930.jpg
515	8.000000	Vegetariana/6042.jpg
475	7.000000	Rucola/9405.jpg
204	3.000000	Napoletana/17925.jpg
437	7.000000	Rucola/12954.jpg
304	5.000000	Quattro_Formagi/1160.jpg
236	3.000000	Napoletana/9911.jpg
267	4.000000	Peperoni/18229.jpg
527	8.000000	Vegetariana/7233.jpg
339	5.000000	Quattro_Formagi/17128.jpg
231	3.000000	Napoletana/9782.jpg
428	7.000000	Rucola/1207.jpg
508	8.000000	Vegetariana/18262.jpg
479	7.000000	Rucola/9904.jpg
359	5.000000	Quattro_Formagi/983.jpg
229	3.000000	Napoletana/9265.jpg
275	4.000000	Peperoni/2737.jpg
135	2.000000	Marinara/18153.jpg
305	5.000000	Quattro_Formagi/1212.jpg
450	7.000000	Rucola/2027.jpg
543	9.000000	Veronese/10322.jpg
264	4.000000	Peperoni/18131.jpg
577	9.000000	Veronese/15332.jpg
262	4.000000	Peperoni/18061.jpg
126	2.000000	Marinara/14444.jpg
335	5.000000	Quattro_Formagi/15782.jpg
47	0.000000	Funghi_e_Salsicce/7976.jpg
32	0.000000	Funghi_e_Salsicce/5803.jpg
426	7.000000	Rucola/11666.jpg
263	4.000000	Peperoni/18113.jpg
93	1.000000	Margherita/3481.jpg
489	8.000000	Vegetariana/12818.jpg
136	2.000000	Marinara/18334.jpg
595	9.000000	Veronese/4017.jpg
338	5.000000	Quattro_Formagi/1686.jpg
158	2.000000	Marinara/7683.jpg
147	2.000000	Marinara/490.jpg
322	5.000000	Quattro_Formagi/14284.jpg
148	2.000000	Marinara/492.jpg
294	4.000000	Peperoni/845.jpg
167	2.000000	Marinara/7808.jpg
207	3.000000	Napoletana/18528.jpg
91	1.000000	Margherita/3027.jpg
435	7.000000	Rucola/12761.jpg
392	6.000000	Romana/15897.jpg
551	9.000000	Veronese/12828.jpg
455	7.000000	Rucola/4052.jpg
487	8.000000	Vegetariana/12414.jpg
67	1.000000	Margherita/13078.jpg
476	7.000000	Rucola/9601.jpg
86	1.000000	Margherita/17892.jpg
382	6.000000	Romana/14011.jpg
293	4.000000	Peperoni/8263.jpg
542	9.000000	Veronese/10300.jpg
239	3.000000	Napoletana/9962.jpg
313	5.000000	Quattro_Formagi/14119.jpg
266	4.000000	Peperoni/18160.jpg
198	3.000000	Napoletana/17703.jpg
298	4.000000	Peperoni/9428.jpg
297	4.000000	Peperoni/8885.jpg
120	2.000000	Marinara/10499.jpg
157	2.000000	Marinara/7662.jpg
361	6.000000	Romana/10302.jpg
43	0.000000	Funghi_e_Salsicce/6098.jpg
30	0.000000	Funghi_e_Salsicce/5430.jpg
90	1.000000	Margherita/18604.jpg
565	9.000000	Veronese/14392.jpg
576	9.000000	Veronese/15293.jpg
456	7.000000	Rucola/4293.jpg
169	2.000000	Marinara/7877.jpg
449	7.000000	Rucola/1931.jpg
563	9.000000	Veronese/14378.jpg
132	2.000000	Marinara/15577.jpg
219	3.000000	Napoletana/7927.jpg
288	4.000000	Peperoni/6759.jpg
398	6.000000	Romana/1783.jpg
186	3.000000	Napoletana/12245.jpg
345	5.000000	Quattro_Formagi/3524.jpg
85	1.000000	Margherita/17718.jpg
66	1.000000	Margherita/13041.jpg
491	8.000000	Vegetariana/14519.jpg
520	8.000000	Vegetariana/6717.jpg
469	7.000000	Rucola/9118.jpg
102	1.000000	Margherita/5735.jpg
336	5.000000	Quattro_Formagi/15876.jpg
243	4.000000	Peperoni/10651.jpg
529	8.000000	Vegetariana/8658.jpg
314	5.000000	Quattro_Formagi/14150.jpg
68	1.000000	Margherita/13133.jpg
52	0.000000	Funghi_e_Salsicce/8132.jpg
480	8.000000	Vegetariana/10789.jpg
111	1.000000	Margherita/8865.jpg
585	9.000000	Veronese/1807.jpg
453	7.000000	Rucola/262.jpg
548	9.000000	Veronese/12728.jpg
552	9.000000	Veronese/12833.jpg
385	6.000000	Romana/14471.jpg
31	0.000000	Funghi_e_Salsicce/5798.jpg
254	4.000000	Peperoni/15618.jpg
494	8.000000	Vegetariana/16232.jpg
3	0.000000	Funghi_e_Salsicce/12149.jpg
463	7.000000	Rucola/5745.jpg
406	6.000000	Romana/2624.jpg
21	0.000000	Funghi_e_Salsicce/3644.jpg
326	5.000000	Quattro_Formagi/14558.jpg
83	1.000000	Margherita/17314.jpg
271	4.000000	Peperoni/18558.jpg
8	0.000000	Funghi_e_Salsicce/14796.jpg
413	6.000000	Romana/4685.jpg
366	6.000000	Romana/10819.jpg
277	4.000000	Peperoni/2838.jpg
451	7.000000	Rucola/2077.jpg
160	2.000000	Marinara/7732.jpg
383	6.000000	Romana/14087.jpg
161	2.000000	Marinara/7760.jpg
357	5.000000	Quattro_Formagi/8972.jpg
41	0.000000	Funghi_e_Salsicce/6049.jpg
216	3.000000	Napoletana/5271.jpg
569	9.000000	Veronese/14773.jpg
78	1.000000	Margherita/15997.jpg
468	7.000000	Rucola/9021.jpg
517	8.000000	Vegetariana/6558.jpg
364	6.000000	Romana/10604.jpg
561	9.000000	Veronese/13626.jpg
98	1.000000	Margherita/5070.jpg
536	8.000000	Vegetariana/8962.jpg
432	7.000000	Rucola/12684.jpg
156	2.000000	Marinara/7604.jpg
331	5.000000	Quattro_Formagi/15168.jpg
153	2.000000	Marinara/7240.jpg
61	1.000000	Margherita/11876.jpg
567	9.000000	Veronese/14523.jpg
187	3.000000	Napoletana/12875.jpg
492	8.000000	Vegetariana/14726.jpg
58	0.000000	Funghi_e_Salsicce/9246.jpg
564	9.000000	Veronese/1439.jpg
237	3.000000	Napoletana/9918.jpg
119	1.000000	Margherita/9861.jpg
20	0.000000	Funghi_e_Salsicce/3340.jpg
409	6.000000	Romana/4225.jpg
348	5.000000	Quattro_Formagi/7712.jpg
300	5.000000	Quattro_Formagi/10531.jpg
597	9.000000	Veronese/6005.jpg
15	0.000000	Funghi_e_Salsicce/16861.jpg
131	2.000000	Marinara/15261.jpg
301	5.000000	Quattro_Formagi/10628.jpg
318	5.000000	Quattro_Formagi/14203.jpg
362	6.000000	Romana/10405.jpg
252	4.000000	Peperoni/14829.jpg
104	1.000000	Margherita/7920.jpg
311	5.000000	Quattro_Formagi/14073.jpg
261	4.000000	Peperoni/18039.jpg
498	8.000000	Vegetariana/16344.jpg
535	8.000000	Vegetariana/8931.jpg
558	9.000000	Veronese/12942.jpg
240	4.000000	Peperoni/10117.jpg
367	6.000000	Romana/10834.jpg
509	8.000000	Vegetariana/18667.jpg
280	4.000000	Peperoni/3501.jpg
57	0.000000	Funghi_e_Salsicce/9230.jpg
393	6.000000	Romana/16858.jpg
115	1.000000	Margherita/9367.jpg
7	0.000000	Funghi_e_Salsicce/1458.jpg
572	9.000000	Veronese/14835.jpg
117	1.000000	Margherita/9826.jpg
596	9.000000	Veronese/4798.jpg
593	9.000000	Veronese/3745.jpg
578	9.000000	Veronese/15469.jpg
241	4.000000	Peperoni/10133.jpg
532	8.000000	Vegetariana/8840.jpg
415	6.000000	Romana/5808.jpg
248	4.000000	Peperoni/13409.jpg
330	5.000000	Quattro_Formagi/15107.jpg
553	9.000000	Veronese/12836.jpg
390	6.000000	Romana/15859.jpg
547	9.000000	Veronese/11976.jpg
183	3.000000	Napoletana/10623.jpg
87	1.000000	Margherita/17893.jpg
340	5.000000	Quattro_Formagi/17301.jpg
388	6.000000	Romana/15704.jpg
403	6.000000	Romana/18136.jpg
483	8.000000	Vegetariana/11059.jpg
75	1.000000	Margherita/14934.jpg
290	4.000000	Peperoni/7384.jpg
284	4.000000	Peperoni/5290.jpg
445	7.000000	Rucola/17698.jpg
414	6.000000	Romana/5594.jpg
575	9.000000	Veronese/15148.jpg
431	7.000000	Rucola/12668.jpg
45	0.000000	Funghi_e_Salsicce/7304.jpg
54	0.000000	Funghi_e_Salsicce/8737.jpg
246	4.000000	Peperoni/11894.jpg
79	1.000000	Margherita/16235.jpg
289	4.000000	Peperoni/7254.jpg
10	0.000000	Funghi_e_Salsicce/155.jpg
459	7.000000	Rucola/4539.jpg
226	3.000000	Napoletana/8595.jpg
23	0.000000	Funghi_e_Salsicce/3679.jpg
35	0.000000	Funghi_e_Salsicce/5905.jpg
418	6.000000	Romana/8756.jpg
179	2.000000	Marinara/9700.jpg
220	3.000000	Napoletana/8197.jpg
377	6.000000	Romana/1358.jpg
201	3.000000	Napoletana/17844.jpg
442	7.000000	Rucola/14563.jpg
114	1.000000	Margherita/9284.jpg
315	5.000000	Quattro_Formagi/14151.jpg
462	7.000000	Rucola/52.jpg
370	6.000000	Romana/11415.jpg
64	1.000000	Margherita/12970.jpg
154	2.000000	Marinara/7588.jpg
333	5.000000	Quattro_Formagi/15483.jpg
56	0.000000	Funghi_e_Salsicce/8937.jpg
539	8.000000	Vegetariana/9844.jpg
373	6.000000	Romana/1210.jpg
417	6.000000	Romana/8117.jpg
223	3.000000	Napoletana/8474.jpg
69	1.000000	Margherita/13145.jpg
324	5.000000	Quattro_Formagi/14356.jpg
234	3.000000	Napoletana/9848.jpg
420	7.000000	Rucola/10106.jpg
37	0.000000	Funghi_e_Salsicce/5942.jpg
461	7.000000	Rucola/5064.jpg
528	8.000000	Vegetariana/7444.jpg
295	4.000000	Peperoni/851.jpg
541	9.000000	Veronese/10248.jpg
496	8.000000	Vegetariana/16288.jpg
482	8.000000	Vegetariana/11013.jpg
100	1.000000	Margherita/5647.jpg
228	3.000000	Napoletana/9126.jpg
544	9.000000	Veronese/10611.jpg
195	3.000000	Napoletana/16298.jpg
194	3.000000	Napoletana/15212.jpg
89	1.000000	Margherita/18103.jpg
202	3.000000	Napoletana/17881.jpg
259	4.000000	Peperoni/17519.jpg
163	2.000000	Marinara/7768.jpg
360	6.000000	Romana/10111.jpg
6	0.000000	Funghi_e_Salsicce/14512.jpg
376	6.000000	Romana/1334.jpg
349	5.000000	Quattro_Formagi/8319.jpg
439	7.000000	Rucola/13755.jpg
467	7.000000	Rucola/8692.jpg
81	1.000000	Margherita/16403.jpg
73	1.000000	Margherita/1465.jpg
283	4.000000	Peperoni/5027.jpg
416	6.000000	Romana/599.jpg
506	8.000000	Vegetariana/17445.jpg
354	5.000000	Quattro_Formagi/8546.jpg
574	9.000000	Veronese/15132.jpg
42	0.000000	Funghi_e_Salsicce/6074.jpg
94	1.000000	Margherita/4376.jpg
394	6.000000	Romana/17257.jpg
372	6.000000	Romana/11765.jpg
17	0.000000	Funghi_e_Salsicce/208.jpg
497	8.000000	Vegetariana/16338.jpg
344	5.000000	Quattro_Formagi/3520.jpg
165	2.000000	Marinara/7784.jpg
180	3.000000	Napoletana/10052.jpg
299	4.000000	Peperoni/9514.jpg
513	8.000000	Vegetariana/4647.jpg
11	0.000000	Funghi_e_Salsicce/15948.jpg
320	5.000000	Quattro_Formagi/14222.jpg
546	9.000000	Veronese/11902.jpg
457	7.000000	Rucola/4360.jpg
503	8.000000	Vegetariana/1715.jpg
152	2.000000	Marinara/6253.jpg
591	9.000000	Veronese/3302.jpg
40	0.000000	Funghi_e_Salsicce/5993.jpg
531	8.000000	Vegetariana/8716.jpg
4	0.000000	Funghi_e_Salsicce/12191.jpg
206	3.000000	Napoletana/18525.jpg
118	1.000000	Margherita/9838.jpg
533	8.000000	Vegetariana/8906.jpg
285	4.000000	Peperoni/5670.jpg
421	7.000000	Rucola/1012.jpg
13	0.000000	Funghi_e_Salsicce/16151.jpg
484	8.000000	Vegetariana/11388.jpg
155	2.000000	Marinara/7600.jpg
407	6.000000	Romana/2896.jpg
440	7.000000	Rucola/13890.jpg
1	0.000000	Funghi_e_Salsicce/11365.jpg
138	2.000000	Marinara/18377.jpg
199	3.000000	Napoletana/17727.jpg
490	8.000000	Vegetariana/14155.jpg
518	8.000000	Vegetariana/6601.jpg
97	1.000000	Margherita/5007.jpg
485	8.000000	Vegetariana/1201.jpg
363	6.000000	Romana/10586.jpg
430	7.000000	Rucola/12416.jpg
133	2.000000	Marinara/1561.jpg
434	7.000000	Rucola/12752.jpg
474	7.000000	Rucola/9184.jpg
137	2.000000	Marinara/18376.jpg
306	5.000000	Quattro_Formagi/12999.jpg
39	0.000000	Funghi_e_Salsicce/5980.jpg
211	3.000000	Napoletana/4458.jpg
424	7.000000	Rucola/11107.jpg
511	8.000000	Vegetariana/200.jpg
423	7.000000	Rucola/11099.jpg
74	1.000000	Margherita/14916.jpg
213	3.000000	Napoletana/4642.jpg
488	8.000000	Vegetariana/12454.jpg
438	7.000000	Rucola/1343.jpg
550	9.000000	Veronese/12815.jpg
310	5.000000	Quattro_Formagi/14066.jpg
99	1.000000	Margherita/5546.jpg
268	4.000000	Peperoni/18241.jpg
232	3.000000	Napoletana/9794.jpg
356	5.000000	Quattro_Formagi/8620.jpg
175	2.000000	Marinara/8396.jpg
230	3.000000	Napoletana/9761.jpg
493	8.000000	Vegetariana/15388.jpg
218	3.000000	Napoletana/698.jpg
276	4.000000	Peperoni/2783.jpg
18	0.000000	Funghi_e_Salsicce/274.jpg
510	8.000000	Vegetariana/18678.jpg
375	6.000000	Romana/12980.jpg
352	5.000000	Quattro_Formagi/844.jpg
34	0.000000	Funghi_e_Salsicce/5831.jpg
128	2.000000	Marinara/14653.jpg
62	1.000000	Margherita/1224.jpg
46	0.000000	Funghi_e_Salsicce/7386.jpg
328	5.000000	Quattro_Formagi/15060.jpg
108	1.000000	Margherita/8532.jpg
71	1.000000	Margherita/13214.jpg
499	8.000000	Vegetariana/16401.jpg
48	0.000000	Funghi_e_Salsicce/7992.jpg
80	1.000000	Margherita/16380.jpg
566	9.000000	Veronese/14418.jpg
501	8.000000	Vegetariana/16736.jpg
101	1.000000	Margherita/5667.jpg
24	0.000000	Funghi_e_Salsicce/3681.jpg
386	6.000000	Romana/14573.jpg
446	7.000000	Rucola/1817.jpg
557	9.000000	Veronese/12919.jpg
408	6.000000	Romana/3925.jpg
25	0.000000	Funghi_e_Salsicce/371.jpg
588	9.000000	Veronese/1970.jpg
227	3.000000	Napoletana/9015.jpg
594	9.000000	Veronese/3869.jpg
19	0.000000	Funghi_e_Salsicce/3308.jpg
279	4.000000	Peperoni/3409.jpg
478	7.000000	Rucola/9715.jpg
244	4.000000	Peperoni/11104.jpg
329	5.000000	Quattro_Formagi/15098.jpg
337	5.000000	Quattro_Formagi/16426.jpg
502	8.000000	Vegetariana/16764.jpg
581	9.000000	Veronese/15642.jpg
77	1.000000	Margherita/15222.jpg
522	8.000000	Vegetariana/6751.jpg
347	5.000000	Quattro_Formagi/5985.jpg
205	3.000000	Napoletana/18200.jpg
106	1.000000	Margherita/8416.jpg
399	6.000000	Romana/1784.jpg
44	0.000000	Funghi_e_Salsicce/6112.jpg
214	3.000000	Napoletana/4853.jpg
121	2.000000	Marinara/10644.jpg
560	9.000000	Veronese/13366.jpg
486	8.000000	Vegetariana/12267.jpg
116	1.000000	Margherita/9662.jpg
12	0.000000	Funghi_e_Salsicce/15956.jpg
587	9.000000	Veronese/18563.jpg
341	5.000000	Quattro_Formagi/18718.jpg
365	6.000000	Romana/1070.jpg
221	3.000000	Napoletana/8466.jpg
317	5.000000	Quattro_Formagi/14177.jpg
224	3.000000	Napoletana/8526.jpg
51	0.000000	Funghi_e_Salsicce/8122.jpg
123	2.000000	Marinara/10841.jpg
281	4.000000	Peperoni/4265.jpg
55	0.000000	Funghi_e_Salsicce/8916.jpg
168	2.000000	Marinara/7856.jpg
334	5.000000	Quattro_Formagi/15610.jpg
59	0.000000	Funghi_e_Salsicce/9448.jpg
150	2.000000	Marinara/570.jpg
260	4.000000	Peperoni/17586.jpg
505	8.000000	Vegetariana/17351.jpg
525	8.000000	Vegetariana/6815.jpg
447	7.000000	Rucola/18213.jpg
245	4.000000	Peperoni/11360.jpg
258	4.000000	Peperoni/16178.jpg
444	7.000000	Rucola/15199.jpg
307	5.000000	Quattro_Formagi/13141.jpg
103	1.000000	Margherita/7291.jpg
63	1.000000	Margherita/12480.jpg
411	6.000000	Romana/4557.jpg
495	8.000000	Vegetariana/16241.jpg
371	6.000000	Romana/11725.jpg
351	5.000000	Quattro_Formagi/8366.jpg
540	9.000000	Veronese/10186.jpg
346	5.000000	Quattro_Formagi/5857.jpg
296	4.000000	Peperoni/865.jpg
592	9.000000	Veronese/3572.jpg
253	4.000000	Peperoni/1541.jpg
53	0.000000	Funghi_e_Salsicce/8149.jpg
129	2.000000	Marinara/14682.jpg
396	6.000000	Romana/17416.jpg
458	7.000000	Rucola/4519.jpg
242	4.000000	Peperoni/10582.jpg
26	0.000000	Funghi_e_Salsicce/3811.jpg
171	2.000000	Marinara/7913.jpg
197	3.000000	Napoletana/17364.jpg
166	2.000000	Marinara/7806.jpg
151	2.000000	Marinara/5839.jpg
405	6.000000	Romana/2273.jpg
5	0.000000	Funghi_e_Salsicce/13730.jpg
184	3.000000	Napoletana/11324.jpg
127	2.000000	Marinara/14445.jpg
164	2.000000	Marinara/7780.jpg
384	6.000000	Romana/14201.jpg
282	4.000000	Peperoni/4483.jpg
568	9.000000	Veronese/1464.jpg
472	7.000000	Rucola/9157.jpg
412	6.000000	Romana/4684.jpg
215	3.000000	Napoletana/4971.jpg
419	6.000000	Romana/897.jpg
378	6.000000	Romana/13708.jpg
355	5.000000	Quattro_Formagi/860.jpg
193	3.000000	Napoletana/14654.jpg
144	2.000000	Marinara/422.jpg
182	3.000000	Napoletana/10210.jpg
208	3.000000	Napoletana/2316.jpg
316	5.000000	Quattro_Formagi/14173.jpg
235	3.000000	Napoletana/9885.jpg
343	5.000000	Quattro_Formagi/3420.jpg
209	3.000000	Napoletana/3433.jpg
49	0.000000	Funghi_e_Salsicce/7993.jpg
269	4.000000	Peperoni/18313.jpg
466	7.000000	Rucola/8228.jpg
82	1.000000	Margherita/16502.jpg
124	2.000000	Marinara/12708.jpg
545	9.000000	Veronese/11395.jpg
112	1.000000	Margherita/9166.jpg
519	8.000000	Vegetariana/6702.jpg
443	7.000000	Rucola/14904.jpg
358	5.000000	Quattro_Formagi/9282.jpg
402	6.000000	Romana/18123.jpg
178	2.000000	Marinara/9650.jpg
465	7.000000	Rucola/8046.jpg
470	7.000000	Rucola/9134.jpg
149	2.000000	Marinara/5011.jpg
